2022-07-31 07:12:20 AuthMode  Wired Authentication
2022-07-31 07:12:20 Adapter  enp5s0
2022-07-31 07:12:20 UserName  M202173710
2022-07-31 07:12:23 Lookup the switch...
2022-07-31 07:12:23 Connecting radius server...
2022-07-31 07:12:23 Client Prompt: Server-list has been already updated
2022-07-31 07:12:23 Authenticating now...
2022-07-31 07:12:26 Lookup the switch...
2022-07-31 07:12:26 Connecting radius server...
2022-07-31 07:12:26 Authenticating now...
2022-07-31 07:12:26 Success
2022-07-31 07:15:33 quit rjsupplicant success.
2022-07-31 07:16:11 AuthMode  Wired Authentication
2022-07-31 07:16:11 Adapter  enp5s0
2022-07-31 07:16:11 UserName  M202173710
2022-07-31 07:16:11 service  internet
2022-07-31 07:16:11 Lookup the switch...
2022-07-31 07:16:11 Connecting radius server...
2022-07-31 07:16:11 Authenticating now...
2022-07-31 07:16:14 Lookup the switch...
2022-07-31 07:16:14 Connecting radius server...
2022-07-31 07:16:14 Authenticating now...
2022-07-31 07:16:14 Success
2022-07-31 07:24:35 quit rjsupplicant success.
2022-07-31 07:30:06 AuthMode  Wired Authentication
2022-07-31 07:30:06 Adapter  enp5s0
2022-07-31 07:30:06 UserName  M202173710
2022-07-31 07:30:06 service  internet
2022-07-31 07:30:06 Lookup the switch...
2022-07-31 07:30:06 Connecting radius server...
2022-07-31 07:30:06 Authenticating now...
2022-07-31 07:30:09 Lookup the switch...
2022-07-31 07:30:09 Connecting radius server...
2022-07-31 07:30:09 Authenticating now...
2022-07-31 07:30:09 Success
2022-07-31 07:31:35 quit rjsupplicant success.
2022-07-31 07:31:35 AuthMode  Wired Authentication
2022-07-31 07:31:35 Adapter  enp5s0
2022-07-31 07:31:35 UserName  M202173710
2022-07-31 07:31:35 service  internet
2022-07-31 07:31:35 Lookup the switch...
2022-07-31 07:31:35 Connecting radius server...
2022-07-31 07:31:35 Authenticating now...
2022-07-31 07:31:38 Lookup the switch...
2022-07-31 07:31:38 Connecting radius server...
2022-07-31 07:31:38 Authenticating now...
2022-07-31 07:31:38 Success
2022-07-31 07:49:10 quit rjsupplicant success.
2022-07-31 08:10:56 AuthMode  Wired Authentication
2022-07-31 08:10:56 Adapter  enp5s0
2022-07-31 08:10:56 UserName  M202173710
2022-07-31 08:10:56 service  internet
2022-07-31 08:10:56 Lookup the switch...
2022-07-31 08:10:56 Connecting radius server...
2022-07-31 08:10:56 Authenticating now...
2022-07-31 08:10:59 Lookup the switch...
2022-07-31 08:10:59 Connecting radius server...
2022-07-31 08:11:00 Authenticating now...
2022-07-31 08:11:00 Success
2022-07-31 08:11:05 quit rjsupplicant success.
2022-07-31 08:11:05 AuthMode  Wired Authentication
2022-07-31 08:11:05 Adapter  enp5s0
2022-07-31 08:11:05 UserName  M202173710
2022-07-31 08:11:05 service  internet
2022-07-31 08:11:05 Lookup the switch...
2022-07-31 08:11:05 Connecting radius server...
2022-07-31 08:11:05 Authenticating now...
2022-07-31 08:11:08 Lookup the switch...
2022-07-31 08:11:08 Connecting radius server...
2022-07-31 08:11:08 Authenticating now...
2022-07-31 08:11:08 Success
2022-07-31 08:16:53 quit rjsupplicant success.
2022-07-31 08:19:59 AuthMode  Wired Authentication
2022-07-31 08:19:59 Adapter  enp5s0
2022-07-31 08:19:59 UserName  M202173710
2022-07-31 08:19:59 service  internet
2022-07-31 08:19:59 Lookup the switch...
2022-07-31 08:19:59 Connecting radius server...
2022-07-31 08:20:00 Authenticating now...
2022-07-31 08:20:01 quit rjsupplicant success.
2022-07-31 08:20:01 AuthMode  Wired Authentication
2022-07-31 08:20:01 Adapter  enp5s0
2022-07-31 08:20:01 UserName  M202173710
2022-07-31 08:20:01 service  internet
2022-07-31 08:20:01 Lookup the switch...
2022-07-31 08:20:01 Connecting radius server...
2022-07-31 08:20:01 Authenticating now...
2022-07-31 08:20:04 Lookup the switch...
2022-07-31 08:20:04 Connecting radius server...
2022-07-31 08:20:04 Authenticating now...
2022-07-31 08:20:04 Success
2022-07-31 08:20:06 quit rjsupplicant success.
2022-07-31 08:20:39 AuthMode  Wired Authentication
2022-07-31 08:20:39 Adapter  enp5s0
2022-07-31 08:20:39 UserName  M202173710
2022-07-31 08:20:39 service  internet
2022-07-31 08:20:39 Lookup the switch...
2022-07-31 08:20:39 Connecting radius server...
2022-07-31 08:20:39 Authenticating now...
2022-07-31 08:20:43 Lookup the switch...
2022-07-31 08:20:43 Connecting radius server...
2022-07-31 08:20:43 quit rjsupplicant success.
2022-07-31 08:22:13 AuthMode  Wired Authentication
2022-07-31 08:22:13 Adapter  enp5s0
2022-07-31 08:22:13 UserName  M202173710
2022-07-31 08:22:13 service  internet
2022-07-31 08:22:13 Lookup the switch...
2022-07-31 08:22:13 Connecting radius server...
2022-07-31 08:22:13 Authenticating now...
2022-07-31 08:22:16 Lookup the switch...
2022-07-31 08:22:16 Connecting radius server...
2022-07-31 08:22:16 Authenticating now...
2022-07-31 08:22:16 Success
2022-07-31 08:22:18 quit rjsupplicant success.
2022-09-19 08:55:24 AuthMode  Wired Authentication
2022-09-19 08:55:24 Adapter  eth0
2022-09-19 08:55:24 UserName  M202173710
2022-09-19 08:55:24 service  internet
2022-09-19 08:55:24 Lookup the switch...
2022-09-19 08:55:27 Lookup the switch...
2022-09-19 08:55:30 Lookup the switch...
2022-09-19 08:55:33 Supplicate failureCan't connect radius server.
2022-09-19 08:56:24 Lookup the switch...
2022-09-19 08:56:27 Lookup the switch...
2022-09-19 08:56:30 Lookup the switch...
2022-09-19 08:56:31 quit rjsupplicant success.
2022-09-19 08:57:01 AuthMode  Wired Authentication
2022-09-19 08:57:01 Adapter  eth0
2022-09-19 08:57:01 UserName  M202173710
2022-09-19 08:57:01 service  internet
2022-09-19 08:57:01 Lookup the switch...
2022-09-19 08:57:04 Lookup the switch...
2022-09-19 08:57:07 Lookup the switch...
2022-09-19 08:57:10 Supplicate failureCan't connect radius server.
2022-09-19 08:58:01 Lookup the switch...
2022-09-19 08:58:04 Lookup the switch...
2022-09-19 08:58:07 Lookup the switch...
2022-09-19 08:58:10 Supplicate failureCan't connect radius server.
2022-09-19 08:58:17 quit rjsupplicant success.
